<?xml version="1.0" encoding="UTF-8"?>
<!-- Generated by org.testng.reporters.JUnitReportReporter -->
<testsuite hostname="xubuntu" failures="0" tests="1" name="tests.PomTest" time="6.161" errors="0" timestamp="2022-05-10T12:05:19 CEST" skipped="0">
  <testcase classname="tests.PomTest" name="logintTest" time="6.161"/>
  <system-out/>
</testsuite> <!-- tests.PomTest -->
